combine
combine
::1 - - [17/Jun/2024:19:34:28 +0000] "POST /signup HTTP/1.1" 422 159 "-" "PostmanRuntime/7.39.0"
[0mPOST /signup [33m422[0m 105.810 ms - 159[0m
::1 - - [18/Jun/2024:09:14:21 +0000] "POST /api HTTP/1.1" 404 45 "-" "PostmanRuntime/7.39.0"
::1 - - [18/Jun/2024:09:14:31 +0000] "GET /api HTTP/1.1" 404 45 "-" "PostmanRuntime/7.39.0"
::1 - - [18/Jun/2024:09:14:42 +0000] "GET /ip HTTP/1.1" 200 2 "-" "PostmanRuntime/7.39.0"
::1 - - [18/Jun/2024:09:16:23 +0000] "GET /ip HTTP/1.1" 200 2 "-" "PostmanRuntime/7.39.0"
::1 - - [18/Jun/2024:09:53:55 +0000] "GET /ip HTTP/1.1" 200 2 "-" "PostmanRuntime/7.39.0"
::1 - - [18/Jun/2024:10:01:51 +0000] "GET /ip HTTP/1.1" 200 2 "-" "PostmanRuntime/7.39.0"
::1 - - [18/Jun/2024:10:02:38 +0000] "GET /ip HTTP/1.1" 200 2 "-" "Mozilla/5.0 (Windows NT 10.0; Win64; x64) AppleWebKit/537.36 (KHTML, like Gecko) Chrome/126.0.0.0 Safari/537.36"
::1 - - [18/Jun/2024:10:02:39 +0000] "GET /favicon.ico HTTP/1.1" 404 45 "-" "Mozilla/5.0 (Windows NT 10.0; Win64; x64) AppleWebKit/537.36 (KHTML, like Gecko) Chrome/126.0.0.0 Safari/537.36"
::1 - - [18/Jun/2024:10:05:26 +0000] "GET /ip HTTP/1.1" 304 - "-" "Mozilla/5.0 (Windows NT 10.0; Win64; x64) AppleWebKit/537.36 (KHTML, like Gecko) Chrome/126.0.0.0 Safari/537.36"
::1 - - [18/Jun/2024:12:55:57 +0000] "GET /ip HTTP/1.1" 200 2 "-" "PostmanRuntime/7.39.0"
::1 - - [18/Jun/2024:13:15:19 +0000] "GET /ip HTTP/1.1" 200 2 "-" "PostmanRuntime/7.39.0"
::1 - - [18/Jun/2024:13:38:35 +0000] "GET /ip HTTP/1.1" 200 2 "-" "PostmanRuntime/7.39.0"
::1 - - [18/Jun/2024:13:40:23 +0000] "GET /ip HTTP/1.1" 200 2 "-" "PostmanRuntime/7.39.0"
::1 - - [18/Jun/2024:13:57:59 +0000] "GET /ip HTTP/1.1" 200 2 "-" "PostmanRuntime/7.39.0"
::1 - - [18/Jun/2024:17:32:30 +0000] "GET /ip HTTP/1.1" 200 606 "-" "PostmanRuntime/7.39.0"
::1 - - [18/Jun/2024:17:32:42 +0000] "GET /ip HTTP/1.1" 200 606 "-" "Mozilla/5.0 (Windows NT 10.0; Win64; x64) AppleWebKit/537.36 (KHTML, like Gecko) Chrome/126.0.0.0 Safari/537.36"
::1 - - [18/Jun/2024:17:32:42 +0000] "GET /socket.io/socket.io.js HTTP/1.1" 404 45 "-" "Mozilla/5.0 (Windows NT 10.0; Win64; x64) AppleWebKit/537.36 (KHTML, like Gecko) Chrome/126.0.0.0 Safari/537.36"
::1 - - [18/Jun/2024:17:32:42 +0000] "GET /script.js HTTP/1.1" 404 45 "-" "Mozilla/5.0 (Windows NT 10.0; Win64; x64) AppleWebKit/537.36 (KHTML, like Gecko) Chrome/126.0.0.0 Safari/537.36"
::1 - - [18/Jun/2024:18:16:18 +0000] "GET /ip HTTP/1.1" 200 667 "-" "Mozilla/5.0 (Linux; Android 6.0; Nexus 5 Build/MRA58N) AppleWebKit/537.36 (KHTML, like Gecko) Chrome/126.0.0.0 Mobile Safari/537.36"
::1 - - [18/Jun/2024:18:16:18 +0000] "GET /socket.io/socket.io.js HTTP/1.1" 404 45 "-" "Mozilla/5.0 (Linux; Android 6.0; Nexus 5 Build/MRA58N) AppleWebKit/537.36 (KHTML, like Gecko) Chrome/126.0.0.0 Mobile Safari/537.36"
::1 - - [18/Jun/2024:18:16:18 +0000] "GET /script.js HTTP/1.1" 404 45 "-" "Mozilla/5.0 (Linux; Android 6.0; Nexus 5 Build/MRA58N) AppleWebKit/537.36 (KHTML, like Gecko) Chrome/126.0.0.0 Mobile Safari/537.36"
::1 - - [18/Jun/2024:18:16:18 +0000] "GET /driverScript.js HTTP/1.1" 404 45 "-" "Mozilla/5.0 (Linux; Android 6.0; Nexus 5 Build/MRA58N) AppleWebKit/537.36 (KHTML, like Gecko) Chrome/126.0.0.0 Mobile Safari/537.36"
::1 - - [19/Jun/2024:06:39:08 +0000] "GET /api HTTP/1.1" 404 45 "-" "PostmanRuntime/7.39.0"
::1 - - [19/Jun/2024:06:41:00 +0000] "GET /api HTTP/1.1" 404 45 "-" "PostmanRuntime/7.39.0"
::1 - - [19/Jun/2024:06:42:31 +0000] "GET /api HTTP/1.1" 404 45 "-" "Mozilla/5.0 (Windows NT 10.0; Win64; x64) AppleWebKit/537.36 (KHTML, like Gecko) Chrome/126.0.0.0 Safari/537.36"
::1 - - [19/Jun/2024:06:42:32 +0000] "GET /favicon.ico HTTP/1.1" 404 45 "-" "Mozilla/5.0 (Windows NT 10.0; Win64; x64) AppleWebKit/537.36 (KHTML, like Gecko) Chrome/126.0.0.0 Safari/537.36"
::1 - - [19/Jun/2024:06:47:41 +0000] "GET /api HTTP/1.1" 404 45 "-" "Mozilla/5.0 (Linux; Android 6.0; Nexus 5 Build/MRA58N) AppleWebKit/537.36 (KHTML, like Gecko) Chrome/126.0.0.0 Mobile Safari/537.36"
::1 - - [19/Jun/2024:06:55:08 +0000] "GET /api HTTP/1.1" 404 45 "-" "Mozilla/5.0 (Linux; Android 6.0; Nexus 5 Build/MRA58N) AppleWebKit/537.36 (KHTML, like Gecko) Chrome/126.0.0.0 Mobile Safari/537.36"
::1 - - [19/Jun/2024:06:58:44 +0000] "GET /ip HTTP/1.1" 200 944 "-" "Mozilla/5.0 (Linux; Android 6.0; Nexus 5 Build/MRA58N) AppleWebKit/537.36 (KHTML, like Gecko) Chrome/126.0.0.0 Mobile Safari/537.36"
::1 - - [19/Jun/2024:06:58:44 +0000] "GET /js/script.js HTTP/1.1" 404 45 "-" "Mozilla/5.0 (Linux; Android 6.0; Nexus 5 Build/MRA58N) AppleWebKit/537.36 (KHTML, like Gecko) Chrome/126.0.0.0 Mobile Safari/537.36"
::1 - - [19/Jun/2024:07:00:49 +0000] "GET /ip HTTP/1.1" 200 953 "-" "Mozilla/5.0 (Linux; Android 6.0; Nexus 5 Build/MRA58N) AppleWebKit/537.36 (KHTML, like Gecko) Chrome/126.0.0.0 Mobile Safari/537.36"
::1 - - [19/Jun/2024:07:05:02 +0000] "GET /ip HTTP/1.1" 200 953 "-" "Mozilla/5.0 (Linux; Android 6.0; Nexus 5 Build/MRA58N) AppleWebKit/537.36 (KHTML, like Gecko) Chrome/126.0.0.0 Mobile Safari/537.36"
::1 - - [19/Jun/2024:07:05:02 +0000] "GET /js/script.js HTTP/1.1" 404 45 "-" "Mozilla/5.0 (Linux; Android 6.0; Nexus 5 Build/MRA58N) AppleWebKit/537.36 (KHTML, like Gecko) Chrome/126.0.0.0 Mobile Safari/537.36"
::1 - - [19/Jun/2024:07:05:41 +0000] "GET /ip HTTP/1.1" 304 - "-" "Mozilla/5.0 (Linux; Android 6.0; Nexus 5 Build/MRA58N) AppleWebKit/537.36 (KHTML, like Gecko) Chrome/126.0.0.0 Mobile Safari/537.36"
::1 - - [19/Jun/2024:07:05:41 +0000] "GET /js/script.js HTTP/1.1" 404 45 "-" "Mozilla/5.0 (Linux; Android 6.0; Nexus 5 Build/MRA58N) AppleWebKit/537.36 (KHTML, like Gecko) Chrome/126.0.0.0 Mobile Safari/537.36"
::1 - - [19/Jun/2024:07:09:47 +0000] "GET /ip HTTP/1.1" 200 944 "-" "Mozilla/5.0 (Linux; Android 6.0; Nexus 5 Build/MRA58N) AppleWebKit/537.36 (KHTML, like Gecko) Chrome/126.0.0.0 Mobile Safari/537.36"
::1 - - [19/Jun/2024:07:09:47 +0000] "GET /js/script.js HTTP/1.1" 404 45 "-" "Mozilla/5.0 (Linux; Android 6.0; Nexus 5 Build/MRA58N) AppleWebKit/537.36 (KHTML, like Gecko) Chrome/126.0.0.0 Mobile Safari/537.36"
::1 - - [19/Jun/2024:07:12:34 +0000] "GET /ip HTTP/1.1" 304 - "-" "Mozilla/5.0 (Linux; Android 6.0; Nexus 5 Build/MRA58N) AppleWebKit/537.36 (KHTML, like Gecko) Chrome/126.0.0.0 Mobile Safari/537.36"
::1 - - [19/Jun/2024:07:12:34 +0000] "GET /js/script.js HTTP/1.1" 404 45 "-" "Mozilla/5.0 (Linux; Android 6.0; Nexus 5 Build/MRA58N) AppleWebKit/537.36 (KHTML, like Gecko) Chrome/126.0.0.0 Mobile Safari/537.36"
::1 - - [19/Jun/2024:07:13:25 +0000] "GET /ip HTTP/1.1" 304 - "-" "Mozilla/5.0 (Linux; Android 6.0; Nexus 5 Build/MRA58N) AppleWebKit/537.36 (KHTML, like Gecko) Chrome/126.0.0.0 Mobile Safari/537.36"
::1 - - [19/Jun/2024:07:13:25 +0000] "GET /js/script.js HTTP/1.1" 404 45 "-" "Mozilla/5.0 (Linux; Android 6.0; Nexus 5 Build/MRA58N) AppleWebKit/537.36 (KHTML, like Gecko) Chrome/126.0.0.0 Mobile Safari/537.36"
::1 - - [19/Jun/2024:07:15:46 +0000] "GET /ip HTTP/1.1" 200 - "-" "Mozilla/5.0 (Linux; Android 6.0; Nexus 5 Build/MRA58N) AppleWebKit/537.36 (KHTML, like Gecko) Chrome/126.0.0.0 Mobile Safari/537.36"
::1 - - [19/Jun/2024:07:17:52 +0000] "GET /ip HTTP/1.1" 200 - "-" "Mozilla/5.0 (Linux; Android 6.0; Nexus 5 Build/MRA58N) AppleWebKit/537.36 (KHTML, like Gecko) Chrome/126.0.0.0 Mobile Safari/537.36"
::1 - - [19/Jun/2024:07:17:52 +0000] "GET /js/socket.io.min.js HTTP/1.1" 404 45 "-" "Mozilla/5.0 (Linux; Android 6.0; Nexus 5 Build/MRA58N) AppleWebKit/537.36 (KHTML, like Gecko) Chrome/126.0.0.0 Mobile Safari/537.36"
::1 - - [19/Jun/2024:08:54:50 +0000] "GET /ip HTTP/1.1" 200 2 "-" "Mozilla/5.0 (Linux; Android 6.0; Nexus 5 Build/MRA58N) AppleWebKit/537.36 (KHTML, like Gecko) Chrome/126.0.0.0 Mobile Safari/537.36"
::1 - - [19/Jun/2024:08:55:54 +0000] "GET /ip HTTP/1.1" 304 - "-" "Mozilla/5.0 (Linux; Android 6.0; Nexus 5 Build/MRA58N) AppleWebKit/537.36 (KHTML, like Gecko) Chrome/126.0.0.0 Mobile Safari/537.36"
::1 - - [19/Jun/2024:08:56:05 +0000] "GET /api HTTP/1.1" 404 45 "-" "Mozilla/5.0 (Windows NT 10.0; Win64; x64) AppleWebKit/537.36 (KHTML, like Gecko) Chrome/126.0.0.0 Safari/537.36"
::1 - - [19/Jun/2024:10:43:56 +0000] "GET /ip HTTP/1.1" 304 - "-" "Mozilla/5.0 (Windows NT 10.0; Win64; x64) AppleWebKit/537.36 (KHTML, like Gecko) Chrome/126.0.0.0 Safari/537.36"
::1 - - [19/Jun/2024:10:44:25 +0000] "GET /ip HTTP/1.1" 304 - "-" "Mozilla/5.0 (Windows NT 10.0; Win64; x64) AppleWebKit/537.36 (KHTML, like Gecko) Chrome/126.0.0.0 Safari/537.36"
::1 - - [19/Jun/2024:12:10:46 +0000] "GET /ip HTTP/1.1" 304 - "-" "Mozilla/5.0 (Windows NT 10.0; Win64; x64) AppleWebKit/537.36 (KHTML, like Gecko) Chrome/126.0.0.0 Safari/537.36"
::1 - - [19/Jun/2024:15:06:46 +0000] "POST /driver/current/location/3 HTTP/1.1" 500 2 "-" "PostmanRuntime/7.39.0"
::1 - - [19/Jun/2024:15:08:27 +0000] "POST /driver/current/location/3 HTTP/1.1" 500 2 "-" "PostmanRuntime/7.39.0"
::1 - - [19/Jun/2024:15:10:26 +0000] "POST /driver/current/location/3 HTTP/1.1" 401 44 "-" "PostmanRuntime/7.39.0"
::1 - - [19/Jun/2024:15:11:37 +0000] "POST /driver/current/location/3 HTTP/1.1" 401 44 "-" "PostmanRuntime/7.39.0"
::1 - - [19/Jun/2024:15:14:48 +0000] "POST /driver/current/location/3 HTTP/1.1" 401 44 "-" "PostmanRuntime/7.39.0"
::1 - - [19/Jun/2024:19:39:08 +0000] "POST /signup HTTP/1.1" 201 468 "-" "PostmanRuntime/7.39.0"
::1 - - [19/Jun/2024:19:39:43 +0000] "GET /signup/verify?id=2&token=33f11940-29a6-4378-bf2e-269bba9d74e2 HTTP/1.1" 404 45 "-" "Mozilla/5.0 (Windows NT 10.0; Win64; x64) AppleWebKit/537.36 (KHTML, like Gecko) Chrome/126.0.0.0 Safari/537.36"
::1 - - [19/Jun/2024:19:40:18 +0000] "POST /signup/verify?id=2&token=33f11940-29a6-4378-bf2e-269bba9d74e2 HTTP/1.1" 201 85 "-" "PostmanRuntime/7.39.0"
::1 - - [19/Jun/2024:20:32:38 +0000] "POST /signup HTTP/1.1" 500 50 "-" "PostmanRuntime/7.39.0"
::1 - - [19/Jun/2024:20:33:56 +0000] "POST /signup HTTP/1.1" 201 474 "-" "PostmanRuntime/7.39.0"
::1 - - [19/Jun/2024:20:34:48 +0000] "GET /signup/verify?id=4&token=b626e0d6-2ab7-4f55-8f0b-2ee30d13ae86 HTTP/1.1" 404 45 "-" "Mozilla/5.0 (Windows NT 10.0; Win64; x64) AppleWebKit/537.36 (KHTML, like Gecko) Chrome/126.0.0.0 Safari/537.36"
::1 - - [19/Jun/2024:20:35:10 +0000] "POST /signup/verify?id=4&token=b626e0d6-2ab7-4f55-8f0b-2ee30d13ae86 HTTP/1.1" 201 85 "-" "PostmanRuntime/7.39.0"
::1 - - [19/Jun/2024:20:36:04 +0000] "POST /signup HTTP/1.1" 201 474 "-" "PostmanRuntime/7.39.0"
::1 - - [19/Jun/2024:20:36:31 +0000] "GET /signup/verify?id=5&token=45ed5a5e-7f94-4976-8769-b925a4867e92 HTTP/1.1" 404 45 "-" "Mozilla/5.0 (Windows NT 10.0; Win64; x64) AppleWebKit/537.36 (KHTML, like Gecko) Chrome/126.0.0.0 Safari/537.36"
::1 - - [19/Jun/2024:20:36:51 +0000] "POST /signup/verify?id=5&token=45ed5a5e-7f94-4976-8769-b925a4867e92 HTTP/1.1" 201 85 "-" "PostmanRuntime/7.39.0"
::1 - - [19/Jun/2024:20:37:01 +0000] "POST /signup HTTP/1.1" 422 159 "-" "PostmanRuntime/7.39.0"
::1 - - [19/Jun/2024:20:37:54 +0000] "POST /signup HTTP/1.1" 201 474 "-" "PostmanRuntime/7.39.0"
::1 - - [19/Jun/2024:20:38:10 +0000] "GET /signup/verify?id=6&token=cbb9c72a-4e90-4e27-8604-2d2d555bf7db HTTP/1.1" 404 45 "-" "Mozilla/5.0 (Windows NT 10.0; Win64; x64) AppleWebKit/537.36 (KHTML, like Gecko) Chrome/126.0.0.0 Safari/537.36"
::1 - - [19/Jun/2024:20:38:24 +0000] "POST /signup/verify?id=6&token=cbb9c72a-4e90-4e27-8604-2d2d555bf7db HTTP/1.1" 201 85 "-" "PostmanRuntime/7.39.0"
::1 - - [19/Jun/2024:20:39:04 +0000] "POST /signup HTTP/1.1" 422 159 "-" "PostmanRuntime/7.39.0"
::1 - - [19/Jun/2024:20:40:43 +0000] "POST /signup HTTP/1.1" 201 474 "-" "PostmanRuntime/7.39.0"
::1 - - [19/Jun/2024:20:40:50 +0000] "GET /signup/verify?id=7&token=586a42fc-5234-4b77-aab3-a8c5ee5de048 HTTP/1.1" 404 45 "-" "Mozilla/5.0 (Windows NT 10.0; Win64; x64) AppleWebKit/537.36 (KHTML, like Gecko) Chrome/126.0.0.0 Safari/537.36"
::1 - - [19/Jun/2024:20:41:10 +0000] "POST /signup/verify?id=7&token=586a42fc-5234-4b77-aab3-a8c5ee5de048 HTTP/1.1" 201 85 "-" "PostmanRuntime/7.39.0"
::1 - - [20/Jun/2024:05:05:02 +0000] "POST /signup HTTP/1.1" 422 508 "-" "PostmanRuntime/7.39.0"
::1 - - [20/Jun/2024:05:08:19 +0000] "POST /signup HTTP/1.1" 500 317 "-" "PostmanRuntime/7.39.0"
::1 - - [20/Jun/2024:05:10:16 +0000] "POST /signup HTTP/1.1" 500 50 "-" "PostmanRuntime/7.39.0"
::1 - - [20/Jun/2024:05:28:34 +0000] "POST /signup HTTP/1.1" 422 151 "-" "PostmanRuntime/7.39.0"
::1 - - [20/Jun/2024:05:28:46 +0000] "POST /signup HTTP/1.1" 422 152 "-" "PostmanRuntime/7.39.0"
::1 - - [20/Jun/2024:05:28:59 +0000] "POST /signup HTTP/1.1" 500 62 "-" "PostmanRuntime/7.39.0"
::1 - - [20/Jun/2024:05:32:27 +0000] "POST /signup HTTP/1.1" 422 152 "-" "PostmanRuntime/7.39.0"
::1 - - [20/Jun/2024:05:32:45 +0000] "POST /signup HTTP/1.1" 500 62 "-" "PostmanRuntime/7.39.0"
::1 - - [20/Jun/2024:05:33:57 +0000] "POST /signup HTTP/1.1" 500 62 "-" "PostmanRuntime/7.39.0"
::1 - - [20/Jun/2024:05:34:48 +0000] "POST /signup HTTP/1.1" 500 62 "-" "PostmanRuntime/7.39.0"
::1 - - [20/Jun/2024:05:36:02 +0000] "POST /signup HTTP/1.1" 500 50 "-" "PostmanRuntime/7.39.0"
::1 - - [20/Jun/2024:06:07:42 +0000] "POST /signup HTTP/1.1" 201 331 "-" "PostmanRuntime/7.39.0"
::1 - - [20/Jun/2024:06:12:14 +0000] "POST /signup HTTP/1.1" 201 331 "-" "PostmanRuntime/7.39.0"
::1 - - [20/Jun/2024:06:14:07 +0000] "POST /signup HTTP/1.1" 422 301 "-" "PostmanRuntime/7.39.0"
::1 - - [20/Jun/2024:06:16:02 +0000] "POST /signup HTTP/1.1" 422 301 "-" "PostmanRuntime/7.39.0"
::1 - - [20/Jun/2024:06:16:55 +0000] "POST /signup HTTP/1.1" 422 152 "-" "PostmanRuntime/7.39.0"
::1 - - [20/Jun/2024:06:17:35 +0000] "POST /signup HTTP/1.1" 422 317 "-" "PostmanRuntime/7.39.0"
::1 - - [20/Jun/2024:06:20:19 +0000] "POST /signup HTTP/1.1" 422 317 "-" "PostmanRuntime/7.39.0"
::1 - - [20/Jun/2024:06:21:47 +0000] "POST /signup HTTP/1.1" 422 317 "-" "PostmanRuntime/7.39.0"
::1 - - [20/Jun/2024:06:22:57 +0000] "POST /signup HTTP/1.1" 422 402 "-" "PostmanRuntime/7.39.0"
::1 - - [20/Jun/2024:06:24:28 +0000] "POST /signup HTTP/1.1" 422 317 "-" "PostmanRuntime/7.39.0"
::1 - - [20/Jun/2024:06:25:53 +0000] "POST /signup HTTP/1.1" 422 317 "-" "PostmanRuntime/7.39.0"
::1 - - [20/Jun/2024:06:27:52 +0000] "POST /signup HTTP/1.1" 422 317 "-" "PostmanRuntime/7.39.0"
::1 - - [20/Jun/2024:06:30:26 +0000] "GET /favicon.ico HTTP/1.1" 404 45 "-" "Mozilla/5.0 (Windows NT 10.0; Win64; x64) AppleWebKit/537.36 (KHTML, like Gecko) Chrome/126.0.0.0 Safari/537.36"
::1 - - [20/Jun/2024:06:33:39 +0000] "POST /signup HTTP/1.1" 422 317 "-" "PostmanRuntime/7.39.0"
::1 - - [20/Jun/2024:06:34:39 +0000] "POST /signup HTTP/1.1" 422 317 "-" "PostmanRuntime/7.39.0"
::1 - - [20/Jun/2024:06:35:29 +0000] "POST /signup HTTP/1.1" 422 317 "-" "PostmanRuntime/7.39.0"
::1 - - [20/Jun/2024:06:38:19 +0000] "POST /signup HTTP/1.1" 422 317 "-" "PostmanRuntime/7.39.0"
::1 - - [20/Jun/2024:06:46:01 +0000] "POST /signup HTTP/1.1" 422 431 "-" "PostmanRuntime/7.39.0"
::1 - - [20/Jun/2024:06:56:52 +0000] "POST /signup HTTP/1.1" 422 424 "-" "PostmanRuntime/7.39.0"
::1 - - [20/Jun/2024:07:18:38 +0000] "POST /signup HTTP/1.1" 422 442 "-" "PostmanRuntime/7.39.0"
::1 - - [20/Jun/2024:07:22:20 +0000] "POST /signup HTTP/1.1" 422 317 "-" "PostmanRuntime/7.39.0"
::1 - - [20/Jun/2024:13:23:25 +0000] "GET / HTTP/1.1" 200 44 "-" "PostmanRuntime/7.39.0"
::1 - - [20/Jun/2024:13:25:53 +0000] "GET / HTTP/1.1" 200 70 "-" "PostmanRuntime/7.39.0"
::1 - - [20/Jun/2024:13:27:43 +0000] "GET / HTTP/1.1" 200 76 "-" "PostmanRuntime/7.39.0"
::1 - - [20/Jun/2024:13:36:16 +0000] "GET / HTTP/1.1" 200 76 "-" "PostmanRuntime/7.39.0"
::1 - - [20/Jun/2024:13:39:42 +0000] "POST /signup HTTP/1.1" 201 458 "-" "PostmanRuntime/7.39.0"
::1 - - [20/Jun/2024:13:45:42 +0000] "POST /signup HTTP/1.1" 201 458 "-" "PostmanRuntime/7.39.0"
::1 - - [20/Jun/2024:14:23:42 +0000] "GET / HTTP/1.1" 200 76 "-" "PostmanRuntime/7.39.0"
::1 - - [20/Jun/2024:14:27:14 +0000] "POST /signup HTTP/1.1" 201 458 "-" "PostmanRuntime/7.39.0"
::1 - - [20/Jun/2024:14:27:59 +0000] "GET /signup/verify?id=19&token=4090e3e5-22c4-42ca-8c72-0f708d239f4b HTTP/1.1" 404 45 "-" "Mozilla/5.0 (Windows NT 10.0; Win64; x64) AppleWebKit/537.36 (KHTML, like Gecko) Chrome/126.0.0.0 Safari/537.36"
::1 - - [20/Jun/2024:14:37:08 +0000] "PUT /signup/verify?id=19&token=4090e3e5-22c4-42ca-8c72-0f708d239f4b HTTP/1.1" 201 85 "-" "PostmanRuntime/7.39.0"
::1 - - [20/Jun/2024:14:38:13 +0000] "GET /signup/verify?id=18&token=c42094f7-beae-4141-b3d5-a7bb38064169 HTTP/1.1" 404 45 "-" "Mozilla/5.0 (Windows NT 10.0; Win64; x64) AppleWebKit/537.36 (KHTML, like Gecko) Chrome/126.0.0.0 Safari/537.36"
::1 - - [20/Jun/2024:15:26:48 +0000] "GET /login HTTP/1.1" 404 45 "-" "PostmanRuntime/7.39.0"
::1 - - [20/Jun/2024:15:27:25 +0000] "POST /login HTTP/1.1" 200 306 "-" "PostmanRuntime/7.39.0"
::1 - - [20/Jun/2024:15:30:24 +0000] "POST /login HTTP/1.1" 200 306 "-" "PostmanRuntime/7.39.0"
::1 - - [20/Jun/2024:15:39:37 +0000] "POST /login HTTP/1.1" 404 60 "-" "PostmanRuntime/7.39.0"
::1 - - [20/Jun/2024:15:43:19 +0000] "POST /login HTTP/1.1" 404 60 "-" "PostmanRuntime/7.39.0"
::1 - - [20/Jun/2024:15:48:54 +0000] "POST /login HTTP/1.1" 404 60 "-" "PostmanRuntime/7.39.0"
::1 - - [20/Jun/2024:15:49:47 +0000] "POST /login HTTP/1.1" 404 60 "-" "PostmanRuntime/7.39.0"
::1 - - [20/Jun/2024:15:51:51 +0000] "POST /login HTTP/1.1" 200 298 "-" "PostmanRuntime/7.39.0"
::1 - - [20/Jun/2024:16:03:08 +0000] "POST /forgetpassword HTTP/1.1" 201 168 "-" "PostmanRuntime/7.39.0"
::1 - - [20/Jun/2024:16:17:05 +0000] "PUT /forgetpassword/reset-password/19 HTTP/1.1" 404 45 "-" "PostmanRuntime/7.39.0"
::1 - - [20/Jun/2024:16:18:29 +0000] "PUT /forgetpassword/reset-password/19 HTTP/1.1" 404 45 "-" "PostmanRuntime/7.39.0"
::1 - - [20/Jun/2024:16:20:21 +0000] "PUT /forgetpassword/reset-password/19 HTTP/1.1" 422 115 "-" "PostmanRuntime/7.39.0"
::1 - - [20/Jun/2024:16:25:09 +0000] "POST /forgetpassword HTTP/1.1" 422 292 "-" "PostmanRuntime/7.39.0"
::1 - - [20/Jun/2024:16:39:49 +0000] "POST /forgetpassword HTTP/1.1" 201 168 "-" "PostmanRuntime/7.39.0"
::1 - - [20/Jun/2024:16:41:00 +0000] "PUT /forgetpassword/reset-password/ HTTP/1.1" 404 45 "-" "PostmanRuntime/7.39.0"
::1 - - [20/Jun/2024:16:44:22 +0000] "PUT /forgetpassword/reset-password/ HTTP/1.1" 404 45 "-" "PostmanRuntime/7.39.0"
::1 - - [20/Jun/2024:16:45:45 +0000] "PUT /forgetpassword/reset-password/ HTTP/1.1" 404 45 "-" "PostmanRuntime/7.39.0"
::1 - - [20/Jun/2024:16:48:11 +0000] "PUT /forgetpassword/reset-password/ HTTP/1.1" 404 45 "-" "PostmanRuntime/7.39.0"
::1 - - [20/Jun/2024:16:49:52 +0000] "PUT /forgetpassword/reset-password/ HTTP/1.1" 404 45 "-" "PostmanRuntime/7.39.0"
::1 - - [20/Jun/2024:16:52:20 +0000] "PUT /forgetpassword/reset-password/ HTTP/1.1" 404 45 "-" "PostmanRuntime/7.39.0"
::1 - - [20/Jun/2024:16:53:43 +0000] "POST /forgetpassword/reset-password/ HTTP/1.1" 404 45 "-" "PostmanRuntime/7.39.0"
::1 - - [20/Jun/2024:16:59:09 +0000] "POST /forgetpassword/reset-password/19 HTTP/1.1" 404 45 "-" "PostmanRuntime/7.39.0"
::1 - - [20/Jun/2024:16:59:17 +0000] "PUT /forgetpassword/reset-password/19 HTTP/1.1" 422 115 "-" "PostmanRuntime/7.39.0"
::1 - - [20/Jun/2024:17:02:33 +0000] "PUT /forgetpassword/reset-password/19 HTTP/1.1" 401 44 "-" "PostmanRuntime/7.39.0"
::1 - - [20/Jun/2024:17:04:48 +0000] "POST /forgetpassword HTTP/1.1" 201 168 "-" "PostmanRuntime/7.39.0"
::1 - - [20/Jun/2024:17:05:36 +0000] "PUT /forgetpassword/reset-password/19 HTTP/1.1" 201 88 "-" "PostmanRuntime/7.39.0"
::1 - - [20/Jun/2024:17:14:35 +0000] "POST /login HTTP/1.1" 200 298 "-" "PostmanRuntime/7.39.0"
::1 - - [20/Jun/2024:17:17:33 +0000] "POST /login HTTP/1.1" 200 298 "-" "PostmanRuntime/7.39.0"
::1 - - [20/Jun/2024:17:17:41 +0000] "POST /login HTTP/1.1" 200 298 "-" "PostmanRuntime/7.39.0"
::1 - - [20/Jun/2024:17:19:11 +0000] "POST /login HTTP/1.1" 200 298 "-" "PostmanRuntime/7.39.0"
::1 - - [20/Jun/2024:17:24:36 +0000] "PUT /change-user-role?role=seller&email=olanrewajuqudus1@gmail.com HTTP/1.1" 200 356 "-" "PostmanRuntime/7.39.0"
::1 - - [20/Jun/2024:17:30:51 +0000] "PUT /change-user-role?role=seller&email=olanrewajuqudus1@gmail.com HTTP/1.1" 200 77 "-" "PostmanRuntime/7.39.0"
::1 - - [20/Jun/2024:17:32:01 +0000] "PUT /change-user-role?role=seller&email=olanrewajuqudus1@gmail.com HTTP/1.1" 200 797 "-" "PostmanRuntime/7.39.0"
::1 - - [20/Jun/2024:17:34:06 +0000] "PUT /change-user-role?role=seller&email=olanrewajuqudus1@gmail.com HTTP/1.1" 200 77 "-" "PostmanRuntime/7.39.0"
::1 - - [20/Jun/2024:17:57:34 +0000] "POST /login HTTP/1.1" 200 308 "-" "PostmanRuntime/7.39.0"
::1 - - [20/Jun/2024:21:33:59 +0000] "POST /signup HTTP/1.1" 422 171 "-" "PostmanRuntime/7.39.0"
::1 - - [20/Jun/2024:21:37:29 +0000] "POST /signup HTTP/1.1" 201 458 "-" "PostmanRuntime/7.39.0"
::1 - - [20/Jun/2024:21:37:49 +0000] "POST /login HTTP/1.1" 422 65 "-" "PostmanRuntime/7.39.0"
::1 - - [20/Jun/2024:21:39:44 +0000] "GET /signup/verify?id=20&token=ed8e09d3-f352-4d7b-b1a8-07b0bc8cc14f HTTP/1.1" 404 45 "-" "Mozilla/5.0 (Windows NT 10.0; Win64; x64) AppleWebKit/537.36 (KHTML, like Gecko) Chrome/126.0.0.0 Safari/537.36"
::1 - - [20/Jun/2024:21:39:45 +0000] "GET /favicon.ico HTTP/1.1" 404 45 "-" "Mozilla/5.0 (Windows NT 10.0; Win64; x64) AppleWebKit/537.36 (KHTML, like Gecko) Chrome/126.0.0.0 Safari/537.36"
::1 - - [20/Jun/2024:21:42:02 +0000] "PUT /signup/verify?id=20&token=ed8e09d3-f352-4d7b-b1a8-07b0bc8cc14f HTTP/1.1" 201 85 "-" "PostmanRuntime/7.39.0"
::1 - - [20/Jun/2024:21:42:24 +0000] "PUT /signup/verify?id=20&token=ed8e09d3-f352-4d7b-b1a8-07b0bc8cc14f HTTP/1.1" 404 44 "-" "PostmanRuntime/7.39.0"
::1 - - [20/Jun/2024:21:51:39 +0000] "POST /add-product HTTP/1.1" 500 25 "-" "PostmanRuntime/7.39.0"
::1 - - [20/Jun/2024:21:52:05 +0000] "POST /login HTTP/1.1" 200 308 "-" "PostmanRuntime/7.39.0"
::1 - - [20/Jun/2024:21:52:21 +0000] "POST /add-product HTTP/1.1" 422 513 "-" "PostmanRuntime/7.39.0"
::1 - - [20/Jun/2024:21:58:36 +0000] "POST /add-product HTTP/1.1" 422 238 "-" "PostmanRuntime/7.39.0"
::1 - - [20/Jun/2024:22:00:35 +0000] "POST /add-product HTTP/1.1" 422 238 "-" "PostmanRuntime/7.39.0"
::1 - - [20/Jun/2024:22:02:04 +0000] "POST /add-product HTTP/1.1" 422 159 "-" "PostmanRuntime/7.39.0"
::1 - - [20/Jun/2024:22:14:55 +0000] "POST /add-product HTTP/1.1" 422 182 "-" "PostmanRuntime/7.39.0"
::1 - - [20/Jun/2024:22:15:18 +0000] "POST /add-product HTTP/1.1" 422 284 "-" "PostmanRuntime/7.39.0"
::1 - - [20/Jun/2024:22:15:38 +0000] "POST /add-product HTTP/1.1" 422 279 "-" "PostmanRuntime/7.39.0"
::1 - - [20/Jun/2024:22:17:17 +0000] "POST /add-product HTTP/1.1" 201 482 "-" "PostmanRuntime/7.39.0"
::1 - - [20/Jun/2024:22:20:44 +0000] "POST /login HTTP/1.1" 200 306 "-" "PostmanRuntime/7.39.0"
::1 - - [20/Jun/2024:22:22:45 +0000] "POST /add-product HTTP/1.1" 422 51 "-" "PostmanRuntime/7.39.0"
::1 - - [20/Jun/2024:22:27:08 +0000] "PUT /product-update/1 HTTP/1.1" 401 124 "-" "PostmanRuntime/7.39.0"
::1 - - [20/Jun/2024:22:28:26 +0000] "PUT /product-update/1 HTTP/1.1" 401 359 "-" "PostmanRuntime/7.39.0"
::1 - - [20/Jun/2024:22:29:53 +0000] "PUT /product-update/1 HTTP/1.1" 401 280 "-" "PostmanRuntime/7.39.0"
::1 - - [20/Jun/2024:22:45:55 +0000] "PUT /product-update/1 HTTP/1.1" 201 77 "-" "PostmanRuntime/7.39.0"
::1 - - [20/Jun/2024:22:49:11 +0000] "PUT /product-update/1 HTTP/1.1" 201 77 "-" "PostmanRuntime/7.39.0"
::1 - - [20/Jun/2024:22:55:09 +0000] "PUT /product-update/1 HTTP/1.1" 500 25 "-" "PostmanRuntime/7.39.0"
::1 - - [20/Jun/2024:22:55:20 +0000] "POST /login HTTP/1.1" 200 308 "-" "PostmanRuntime/7.39.0"
::1 - - [20/Jun/2024:22:55:26 +0000] "PUT /product-update/1 HTTP/1.1" 201 77 "-" "PostmanRuntime/7.39.0"
::1 - - [20/Jun/2024:22:56:44 +0000] "PUT /product-update/1 HTTP/1.1" 201 77 "-" "PostmanRuntime/7.39.0"
::1 - - [20/Jun/2024:22:57:02 +0000] "POST /add-product HTTP/1.1" 500 69 "-" "PostmanRuntime/7.39.0"
::1 - - [20/Jun/2024:23:04:02 +0000] "POST /add-product HTTP/1.1" 500 69 "-" "PostmanRuntime/7.39.0"
::1 - - [20/Jun/2024:23:08:23 +0000] "POST /add-product HTTP/1.1" 500 69 "-" "PostmanRuntime/7.39.0"
::1 - - [20/Jun/2024:23:09:57 +0000] "POST /add-product HTTP/1.1" 500 69 "-" "PostmanRuntime/7.39.0"
::1 - - [20/Jun/2024:23:11:47 +0000] "POST /add-product HTTP/1.1" 500 69 "-" "PostmanRuntime/7.39.0"
::1 - - [20/Jun/2024:23:16:35 +0000] "POST /add-product HTTP/1.1" 201 510 "-" "PostmanRuntime/7.39.0"
::1 - - [20/Jun/2024:23:18:15 +0000] "PUT /product-update/1 HTTP/1.1" 201 77 "-" "PostmanRuntime/7.39.0"
::1 - - [20/Jun/2024:23:22:54 +0000] "POST /add-product HTTP/1.1" 201 510 "-" "PostmanRuntime/7.39.0"
::1 - - [20/Jun/2024:23:24:03 +0000] "PUT /product-update/1 HTTP/1.1" 201 77 "-" "PostmanRuntime/7.39.0"
::1 - - [20/Jun/2024:23:27:04 +0000] "PUT /product-update/1 HTTP/1.1" 201 77 "-" "PostmanRuntime/7.39.0"
::1 - - [20/Jun/2024:23:29:52 +0000] "PUT /product-update/1 HTTP/1.1" 201 77 "-" "PostmanRuntime/7.39.0"
::1 - - [20/Jun/2024:23:33:45 +0000] "POST /add-product HTTP/1.1" 500 69 "-" "PostmanRuntime/7.39.0"
::1 - - [20/Jun/2024:23:35:44 +0000] "POST /add-product HTTP/1.1" 500 69 "-" "PostmanRuntime/7.39.0"
::1 - - [20/Jun/2024:23:36:24 +0000] "POST /add-product HTTP/1.1" 500 69 "-" "PostmanRuntime/7.39.0"
::1 - - [20/Jun/2024:23:39:26 +0000] "POST /add-product HTTP/1.1" 201 510 "-" "PostmanRuntime/7.39.0"
::1 - - [20/Jun/2024:23:39:52 +0000] "PUT /product-update/1 HTTP/1.1" 201 77 "-" "PostmanRuntime/7.39.0"
::1 - - [20/Jun/2024:23:46:53 +0000] "PUT /product-update/1 HTTP/1.1" 201 77 "-" "PostmanRuntime/7.39.0"
::1 - - [20/Jun/2024:23:47:30 +0000] "PUT /product-update/1 HTTP/1.1" 201 77 "-" "PostmanRuntime/7.39.0"
::1 - - [20/Jun/2024:23:52:11 +0000] "POST /add-product HTTP/1.1" 201 510 "-" "PostmanRuntime/7.39.0"
::1 - - [20/Jun/2024:23:52:35 +0000] "POST /add-product HTTP/1.1" 201 510 "-" "PostmanRuntime/7.39.0"
::1 - - [20/Jun/2024:23:52:55 +0000] "PUT /product-update/1 HTTP/1.1" 201 77 "-" "PostmanRuntime/7.39.0"
::1 - - [20/Jun/2024:23:55:06 +0000] "PUT /product-update/1 HTTP/1.1" 201 77 "-" "PostmanRuntime/7.39.0"
::1 - - [20/Jun/2024:23:57:46 +0000] "PUT /product-update/1 HTTP/1.1" 500 25 "-" "PostmanRuntime/7.39.0"
::1 - - [20/Jun/2024:23:57:58 +0000] "POST /login HTTP/1.1" 200 308 "-" "PostmanRuntime/7.39.0"
::1 - - [20/Jun/2024:23:58:04 +0000] "PUT /product-update/1 HTTP/1.1" 201 77 "-" "PostmanRuntime/7.39.0"
::1 - - [20/Jun/2024:23:59:13 +0000] "PUT /product-update/1 HTTP/1.1" 201 77 "-" "PostmanRuntime/7.39.0"
::1 - - [21/Jun/2024:00:01:52 +0000] "GET /get-seller-product HTTP/1.1" 200 940 "-" "PostmanRuntime/7.39.0"
::1 - - [21/Jun/2024:00:04:20 +0000] "GET /details/1 HTTP/1.1" 401 53 "-" "PostmanRuntime/7.39.0"
::1 - - [21/Jun/2024:00:07:31 +0000] "GET /details/1 HTTP/1.1" 401 67 "-" "PostmanRuntime/7.39.0"
::1 - - [21/Jun/2024:00:09:22 +0000] "POST /login HTTP/1.1" 200 306 "-" "PostmanRuntime/7.39.0"
::1 - - [21/Jun/2024:00:10:09 +0000] "GET /details/1 HTTP/1.1" 200 503 "-" "PostmanRuntime/7.39.0"
::1 - - [21/Jun/2024:00:11:58 +0000] "GET /details/3 HTTP/1.1" 200 70 "-" "PostmanRuntime/7.39.0"
::1 - - [21/Jun/2024:00:12:03 +0000] "GET /details/1 HTTP/1.1" 200 503 "-" "PostmanRuntime/7.39.0"
::1 - - [21/Jun/2024:00:12:10 +0000] "GET /details/4 HTTP/1.1" 200 70 "-" "PostmanRuntime/7.39.0"
::1 - - [21/Jun/2024:00:14:26 +0000] "GET /details/4 HTTP/1.1" 500 75 "-" "PostmanRuntime/7.39.0"
::1 - - [21/Jun/2024:00:16:07 +0000] "GET /cart HTTP/1.1" 404 44 "-" "PostmanRuntime/7.39.0"
::1 - - [21/Jun/2024:00:20:30 +0000] "GET /cart HTTP/1.1" 404 74 "-" "PostmanRuntime/7.39.0"
::1 - - [21/Jun/2024:00:23:37 +0000] "POST /add-product-to-cart/2?qty=4 HTTP/1.1" 201 222 "-" "PostmanRuntime/7.39.0"
::1 - - [21/Jun/2024:00:25:39 +0000] "POST /add-product-to-cart/5?qty=4 HTTP/1.1" 404 44 "-" "PostmanRuntime/7.39.0"
::1 - - [21/Jun/2024:00:29:33 +0000] "POST /add-product-to-cart/5?qty=4 HTTP/1.1" 404 68 "-" "PostmanRuntime/7.39.0"
::1 - - [21/Jun/2024:00:31:13 +0000] "POST /add-product-to-cart/5?qty=4 HTTP/1.1" 404 61 "-" "PostmanRuntime/7.39.0"
::1 - - [21/Jun/2024:00:34:29 +0000] "PUT /increase-product-qty-in-cart/:cartId/?qty=4 HTTP/1.1" 500 64 "-" "PostmanRuntime/7.39.0"
::1 - - [21/Jun/2024:00:35:07 +0000] "PUT /increase-product-qty-in-cart/1?qty=4 HTTP/1.1" 201 236 "-" "PostmanRuntime/7.39.0"
::1 - - [21/Jun/2024:00:44:29 +0000] "PUT /increase-product-qty-in-cart/1 HTTP/1.1" 201 236 "-" "PostmanRuntime/7.39.0"
::1 - - [21/Jun/2024:00:45:09 +0000] "PUT /increase-product-qty-in-cart/1 HTTP/1.1" 201 230 "-" "PostmanRuntime/7.39.0"
::1 - - [21/Jun/2024:00:45:22 +0000] "PUT /increase-product-qty-in-cart/1?qty=4 HTTP/1.1" 201 231 "-" "PostmanRuntime/7.39.0"
::1 - - [21/Jun/2024:00:48:00 +0000] "PUT /reduce-product-qty-in-cart/1?qty=4 HTTP/1.1" 201 237 "-" "PostmanRuntime/7.39.0"
::1 - - [21/Jun/2024:00:51:53 +0000] "PUT /reduce-product-qty-in-cart/1?qty=4 HTTP/1.1" 201 236 "-" "PostmanRuntime/7.39.0"
::1 - - [21/Jun/2024:00:52:11 +0000] "PUT /reduce-product-qty-in-cart/1 HTTP/1.1" 201 236 "-" "PostmanRuntime/7.39.0"
::1 - - [21/Jun/2024:00:52:22 +0000] "PUT /reduce-product-qty-in-cart/1?qty=1 HTTP/1.1" 201 236 "-" "PostmanRuntime/7.39.0"
::1 - - [21/Jun/2024:00:54:48 +0000] "PUT /reduce-product-qty-in-cart/1?qty=10 HTTP/1.1" 201 85 "-" "PostmanRuntime/7.39.0"
::1 - - [21/Jun/2024:00:55:14 +0000] "POST /add-product-to-cart/5?qty=4 HTTP/1.1" 404 61 "-" "PostmanRuntime/7.39.0"
::1 - - [21/Jun/2024:00:55:23 +0000] "POST /add-product-to-cart/1?qty=4 HTTP/1.1" 201 222 "-" "PostmanRuntime/7.39.0"
::1 - - [21/Jun/2024:00:56:32 +0000] "DELETE /remove-product-from-cart/1 HTTP/1.1" 404 44 "-" "PostmanRuntime/7.39.0"
::1 - - [21/Jun/2024:00:57:23 +0000] "DELETE /remove-product-from-cart/1 HTTP/1.1" 404 44 "-" "PostmanRuntime/7.39.0"
::1 - - [21/Jun/2024:00:57:33 +0000] "DELETE /remove-product-from-cart/2 HTTP/1.1" 201 85 "-" "PostmanRuntime/7.39.0"
::1 - - [21/Jun/2024:00:58:15 +0000] "DELETE /remove-product-from-cart/2 HTTP/1.1" 404 44 "-" "PostmanRuntime/7.39.0"
::1 - - [21/Jun/2024:01:00:50 +0000] "POST /add-product-to-cart/1?qty=4 HTTP/1.1" 201 222 "-" "PostmanRuntime/7.39.0"
::1 - - [21/Jun/2024:01:01:00 +0000] "POST /add-product-to-cart/2?qty=4 HTTP/1.1" 201 222 "-" "PostmanRuntime/7.39.0"
::1 - - [21/Jun/2024:01:01:21 +0000] "GET /cart HTTP/1.1" 200 - "-" "PostmanRuntime/7.39.0"
::1 - - [21/Jun/2024:01:02:45 +0000] "GET /cart HTTP/1.1" 500 25 "-" "PostmanRuntime/7.39.0"
::1 - - [21/Jun/2024:01:02:54 +0000] "POST /login HTTP/1.1" 200 308 "-" "PostmanRuntime/7.39.0"
::1 - - [21/Jun/2024:01:03:01 +0000] "GET /cart HTTP/1.1" 404 74 "-" "PostmanRuntime/7.39.0"

::1 - - [21/Jun/2024:01:15:19 +0000] "PUT /reduce-product-qty-in-cart/1?qty=1 HTTP/1.1" 500 25 "-" "PostmanRuntime/7.39.0"
::1 - - [21/Jun/2024:01:15:28 +0000] "POST /login HTTP/1.1" 200 306 "-" "PostmanRuntime/7.39.0"
::1 - - [21/Jun/2024:01:18:09 +0000] "POST /add-address HTTP/1.1" 422 143 "-" "PostmanRuntime/7.39.0"
::1 - - [21/Jun/2024:01:19:42 +0000] "POST /add-address HTTP/1.1" 422 143 "-" "PostmanRuntime/7.39.0"
::1 - - [21/Jun/2024:01:19:43 +0000] "POST /add-address HTTP/1.1" 422 143 "-" "PostmanRuntime/7.39.0"
::1 - - [21/Jun/2024:01:22:49 +0000] "POST /add-address HTTP/1.1" 201 305 "-" "PostmanRuntime/7.39.0"
::1 - - [21/Jun/2024:01:24:42 +0000] "POST /order HTTP/1.1" 200 109 "-" "PostmanRuntime/7.39.0"
::1 - - [21/Jun/2024:01:44:56 +0000] "GET /order/success/1?total=224&paymentId=PAYID-MZ2NMWQ7LH16710YH166435U&token=EC-3UX26224R2575564S&PayerID=Y74TDBLP8B2K8 HTTP/1.1" 404 45 "-" "Mozilla/5.0 (Windows NT 10.0; Win64; x64) AppleWebKit/537.36 (KHTML, like Gecko) Chrome/126.0.0.0 Safari/537.36"
::1 - - [21/Jun/2024:01:46:40 +0000] "GET /order/success/1?total=224&paymentId=PAYID-MZ2NMWQ7LH16710YH166435U&token=EC-3UX26224R2575564S&PayerID=Y74TDBLP8B2K8 HTTP/1.1" 404 45 "-" "PostmanRuntime/7.39.0"
::1 - - [21/Jun/2024:01:51:53 +0000] "POST /order/success/1?total=224&paymentId=PAYID-MZ2NMWQ7LH16710YH166435U&token=EC-3UX26224R2575564S&PayerID=Y74TDBLP8B2K8 HTTP/1.1" 500 35 "-" "PostmanRuntime/7.39.0"
::1 - - [21/Jun/2024:01:52:56 +0000] "POST /order HTTP/1.1" 200 109 "-" "PostmanRuntime/7.39.0"
::1 - - [21/Jun/2024:01:53:15 +0000] "GET /order/success/1?total=224&paymentId=PAYID-MZ2NZ6A8R9299402Y962003N&token=EC-71N9614420060021V&PayerID=Y74TDBLP8B2K8 HTTP/1.1" 404 45 "-" "Mozilla/5.0 (Windows NT 10.0; Win64; x64) AppleWebKit/537.36 (KHTML, like Gecko) Chrome/126.0.0.0 Safari/537.36"
::1 - - [21/Jun/2024:01:57:53 +0000] "POST /order HTTP/1.1" 200 109 "-" "PostmanRuntime/7.39.0"
::1 - - [21/Jun/2024:01:58:06 +0000] "GET /order/success/1?total=224&paymentId=PAYID-MZ2N4II70S559391S002524S&token=EC-1CY86037BM5718535&PayerID=Y74TDBLP8B2K8 HTTP/1.1" 404 45 "-" "Mozilla/5.0 (Windows NT 10.0; Win64; x64) AppleWebKit/537.36 (KHTML, like Gecko) Chrome/126.0.0.0 Safari/537.36"
::1 - - [21/Jun/2024:07:42:10 +0000] "POST /login HTTP/1.1" 200 306 "-" "PostmanRuntime/7.39.0"
::1 - - [21/Jun/2024:07:42:37 +0000] "POST /order HTTP/1.1" 200 109 "-" "PostmanRuntime/7.39.0"
::1 - - [21/Jun/2024:07:43:13 +0000] "GET /order/success/1?total=224&paymentId=PAYID-MZ2S53Q5LM87523705745424&token=EC-9V9182839U199860K&PayerID=Y74TDBLP8B2K8 HTTP/1.1" 404 45 "-" "Mozilla/5.0 (Windows NT 10.0; Win64; x64) AppleWebKit/537.36 (KHTML, like Gecko) Chrome/126.0.0.0 Safari/537.36"
::1 - - [21/Jun/2024:07:47:30 +0000] "POST /order/success/1?total=224&paymentId=PAYID-MZ2S53Q5LM87523705745424&token=EC-9V9182839U199860K&PayerID=Y74TDBLP8B2K8 HTTP/1.1" 201 394 "-" "PostmanRuntime/7.39.0"
::1 - - [21/Jun/2024:07:59:38 +0000] "PUT /change-user-role?role=courier&email=olanrewajuqudus2@gmail.com HTTP/1.1" 500 25 "-" "PostmanRuntime/7.39.0"
::1 - - [21/Jun/2024:07:59:59 +0000] "POST /login HTTP/1.1" 200 298 "-" "PostmanRuntime/7.39.0"
::1 - - [21/Jun/2024:08:00:08 +0000] "PUT /change-user-role?role=courier&email=olanrewajuqudus2@gmail.com HTTP/1.1" 200 77 "-" "PostmanRuntime/7.39.0"
::1 - - [21/Jun/2024:08:06:43 +0000] "PUT /admin/assign-delivery/4 HTTP/1.1" 404 51 "-" "PostmanRuntime/7.39.0"
::1 - - [21/Jun/2024:08:16:26 +0000] "PUT /admin/assign-delivery/4 HTTP/1.1" 404 67 "-" "PostmanRuntime/7.39.0"
::1 - - [21/Jun/2024:08:23:01 +0000] "PUT /admin/assign-delivery/4?orderIds=[4] HTTP/1.1" 404 67 "-" "PostmanRuntime/7.39.0"
::1 - - [21/Jun/2024:08:24:27 +0000] "PUT /admin/assign-delivery/4?orderIds=[4] HTTP/1.1" 404 67 "-" "PostmanRuntime/7.39.0"
::1 - - [21/Jun/2024:08:25:51 +0000] "PUT /admin/assign-delivery/4?orderIds=[4] HTTP/1.1" 500 68 "-" "PostmanRuntime/7.39.0"
::1 - - [21/Jun/2024:08:27:38 +0000] "PUT /admin/assign-delivery/4?orderIds=[4] HTTP/1.1" 500 68 "-" "PostmanRuntime/7.39.0"
::1 - - [21/Jun/2024:08:29:53 +0000] "PUT /admin/assign-delivery/4?orderIds=[4] HTTP/1.1" 500 68 "-" "PostmanRuntime/7.39.0"
::1 - - [21/Jun/2024:08:31:58 +0000] "PUT /admin/assign-delivery/4?orderIds=[4] HTTP/1.1" 500 41 "-" "PostmanRuntime/7.39.0"
::1 - - [21/Jun/2024:08:35:54 +0000] "PUT /admin/assign-delivery/4?orderIds=[4] HTTP/1.1" 500 60 "-" "PostmanRuntime/7.39.0"
::1 - - [21/Jun/2024:08:38:37 +0000] "PUT /admin/assign-delivery/4?orderIds=[4] HTTP/1.1" 500 60 "-" "PostmanRuntime/7.39.0"
::1 - - [21/Jun/2024:08:44:29 +0000] "PUT /admin/assign-delivery/4?orderIds=[4] HTTP/1.1" 500 41 "-" "PostmanRuntime/7.39.0"
::1 - - [21/Jun/2024:08:52:24 +0000] "PUT /admin/assign-delivery/4?orderIds=1&orderIds=2&orderIds=3&orderIds=4 HTTP/1.1" 500 60 "-" "PostmanRuntime/7.39.0"
::1 - - [21/Jun/2024:08:55:32 +0000] "PUT /admin/assign-delivery/4?orderIds=1&orderIds=2&orderIds=3&orderIds=4 HTTP/1.1" 500 60 "-" "PostmanRuntime/7.39.0"
::1 - - [21/Jun/2024:09:03:56 +0000] "PUT /admin/assign-delivery/4?orderIds=1&orderIds=2&orderIds=3&orderIds=4 HTTP/1.1" 500 25 "-" "PostmanRuntime/7.39.0"
::1 - - [21/Jun/2024:09:04:07 +0000] "POST /login HTTP/1.1" 200 298 "-" "PostmanRuntime/7.39.0"
::1 - - [21/Jun/2024:09:04:15 +0000] "PUT /admin/assign-delivery/4?orderIds=1&orderIds=2&orderIds=3&orderIds=4 HTTP/1.1" 500 60 "-" "PostmanRuntime/7.39.0"
::1 - - [21/Jun/2024:09:07:15 +0000] "PUT /admin/assign-delivery/4?orderIds=1&orderIds=2&orderIds=3&orderIds=4 HTTP/1.1" 500 60 "-" "PostmanRuntime/7.39.0"
::1 - - [21/Jun/2024:09:09:46 +0000] "PUT /admin/assign-delivery/4?orderIds=1&orderIds=2&orderIds=3&orderIds=4 HTTP/1.1" 500 60 "-" "PostmanRuntime/7.39.0"
::1 - - [21/Jun/2024:10:11:23 +0000] "PUT /admin/assign-delivery/4?orderIds=1&orderIds=2&orderIds=3&orderIds=4 HTTP/1.1" 500 25 "-" "PostmanRuntime/7.39.0"
::1 - - [21/Jun/2024:10:11:34 +0000] "POST /login HTTP/1.1" 200 298 "-" "PostmanRuntime/7.39.0"
::1 - - [21/Jun/2024:10:11:43 +0000] "PUT /admin/assign-delivery/4?orderIds=1&orderIds=2&orderIds=3&orderIds=4 HTTP/1.1" 201 232 "-" "PostmanRuntime/7.39.0"
::1 - - [21/Jun/2024:10:26:05 +0000] "POST /login HTTP/1.1" 422 151 "-" "PostmanRuntime/7.39.0"
::1 - - [21/Jun/2024:10:29:26 +0000] "POST /login HTTP/1.1" 422 151 "-" "PostmanRuntime/7.39.0"
::1 - - [21/Jun/2024:10:32:00 +0000] "POST /login HTTP/1.1" 422 151 "-" "PostmanRuntime/7.39.0"
::1 - - [21/Jun/2024:10:33:19 +0000] "POST /login HTTP/1.1" 200 309 "-" "PostmanRuntime/7.39.0"
::1 - - [21/Jun/2024:10:33:40 +0000] "POST /login HTTP/1.1" 200 309 "-" "PostmanRuntime/7.39.0"
::1 - - [21/Jun/2024:10:36:16 +0000] "POST /driver/current/location/4?latitude=6.5568768&longitude=3.325952 HTTP/1.1" 201 112 "-" "PostmanRuntime/7.39.0"
::1 - - [21/Jun/2024:10:37:50 +0000] "POST /driver/current/location/4?latitude=6.5568768&longitude=3.325952 HTTP/1.1" 201 112 "-" "PostmanRuntime/7.39.0"
::1 - - [21/Jun/2024:10:37:58 +0000] "POST /driver/current/location/4?latitude=6.5568&longitude=3.325952 HTTP/1.1" 201 109 "-" "PostmanRuntime/7.39.0"
::1 - - [21/Jun/2024:10:44:04 +0000] "POST /driver/current/location/4?latitude=10006.5568&longitude=3.325952 HTTP/1.1" 422 243 "-" "PostmanRuntime/7.39.0"
::1 - - [21/Jun/2024:10:44:31 +0000] "POST /driver/current/location/4?latitude=6.5568&longitude=3.325952 HTTP/1.1" 422 138 "-" "PostmanRuntime/7.39.0"
::1 - - [21/Jun/2024:10:45:56 +0000] "POST /driver/current/location/4?latitude=-91.5568&longitude=3.325952 HTTP/1.1" 422 144 "-" "PostmanRuntime/7.39.0"
::1 - - [21/Jun/2024:10:47:09 +0000] "POST /driver/current/location/4?latitude=6.5568768&longitude=3.32595 HTTP/1.1" 422 236 "-" "PostmanRuntime/7.39.0"
::1 - - [21/Jun/2024:10:47:16 +0000] "POST /driver/current/location/4?latitude=6.5568768&longitude=3.325952 HTTP/1.1" 422 141 "-" "PostmanRuntime/7.39.0"
::1 - - [21/Jun/2024:10:49:08 +0000] "POST /driver/current/location/4?latitude=6.5568768&longitude=3.325952 HTTP/1.1" 201 112 "-" "PostmanRuntime/7.39.0"
::1 - - [21/Jun/2024:10:50:43 +0000] "GET /track-driver-location/4 HTTP/1.1" 500 25 "-" "PostmanRuntime/7.39.0"
::1 - - [21/Jun/2024:10:51:03 +0000] "POST /login HTTP/1.1" 200 306 "-" "PostmanRuntime/7.39.0"
::1 - - [21/Jun/2024:10:51:15 +0000] "GET /track-driver-location/4 HTTP/1.1" 500 169 "-" "PostmanRuntime/7.39.0"
::1 - - [21/Jun/2024:10:52:43 +0000] "GET /track-driver-location/4 HTTP/1.1" 404 79 "-" "PostmanRuntime/7.39.0"
::1 - - [21/Jun/2024:10:55:31 +0000] "GET /track-driver-location/4 HTTP/1.1" 404 79 "-" "PostmanRuntime/7.39.0"
::1 - - [21/Jun/2024:10:57:40 +0000] "GET /track-driver-location/4 HTTP/1.1" 404 79 "-" "PostmanRuntime/7.39.0"
::1 - - [21/Jun/2024:10:59:35 +0000] "GET /track-driver-location/4 HTTP/1.1" 404 79 "-" "PostmanRuntime/7.39.0"
::1 - - [21/Jun/2024:11:02:07 +0000] "GET /track-driver-location/4 HTTP/1.1" 404 79 "-" "PostmanRuntime/7.39.0"
::1 - - [21/Jun/2024:11:03:06 +0000] "GET /track-driver-location/4 HTTP/1.1" 200 110 "-" "PostmanRuntime/7.39.0"
